<?xml version="1.0" encoding="UTF-8"?>
<!-- Generated by org.testng.reporters.JUnitReportReporter -->
<testsuite skipped="0" hostname="linux" name="demo_Listener.demoTest" tests="2" failures="0" timestamp="13 Mar 2019 10:24:44 GMT" time="48.300" errors="0">
  <testcase name="Login" time="48.299" classname="demo_Listener.demoTest"/>
  <testcase name="TestToFail" time="0.001" classname="demo_Listener.demoTest"/>
</testsuite> <!-- demo_Listener.demoTest -->
