<?xml version="1.0" encoding="UTF-8"?>
<!-- Generated by org.testng.reporters.JUnitReportReporter -->
<testsuite skipped="0" hostname="linux" name="ajax.ajaxdemo" tests="1" failures="0" timestamp="12 Mar 2019 11:52:02 GMT" time="13.489" errors="0">
  <testcase name="test_AjaxExample" time="13.489" classname="ajax.ajaxdemo"/>
</testsuite> <!-- ajax.ajaxdemo -->
